<?xml version="1.0" encoding="UTF-8"?>
<testsuite xmlns:xsi="http://www.w3.org/2001/XMLSchema-instance" xsi:noNamespaceSchemaLocation="https://maven.apache.org/surefire/maven-surefire-plugin/xsd/surefire-test-report-3.0.xsd" version="3.0" name="com.example.CalculatorTest" time="0.078" tests="4" errors="0" skipped="0" failures="0">
  <properties>
[...]
</properties>
  <testcase name="testMultiplication" classname="com.example.CalculatorTest" time="0.031"/>
  <testcase name="testAddition" classname="com.example.CalculatorTest" time="0.0"/>
  <testcase name="testDivision" classname="com.example.CalculatorTest" time="0.016"/>
  <testcase name="testSubtraction" classname="com.example.CalculatorTest" time="0.0"/>
</testsuite>